512M aliyun machine nginx default page test; nginx is very fast
[root@iZwz90zr24vf36skl6cbhuZ nginx]# ab -n10000 -c 50 http://localhost/
This is ApacheBench, Version 2.3 <$Revision: 1430300 $>
Copyright 1996 Adam Twiss, Zeus Technology Ltd, http://www.zeustech.net/
Licensed to The Apache Software Foundation, http://www.apache.org/

Benchmarking localhost (be patient)
Completed 1000 requests
Completed 2000 requests
Completed 3000 requests
Completed 4000 requests
Completed 5000 requests
Completed 6000 requests
Completed 7000 requests
Completed 8000 requests
Completed 9000 requests
Completed 10000 requests
Finished 10000 requests


Server Software:        nginx/1.16.1
Server Hostname:        localhost
Server Port:            80

Document Path:          /
Document Length:        612 bytes

Concurrency Level:      50
Time taken for tests:   0.314 seconds
Complete requests:      10000
Failed requests:        0
Write errors:           0
Total transferred:      8450000 bytes
HTML transferred:       6120000 bytes
Requests per second:    31879.22 [#/sec] (mean)
Time per request:       1.568 [ms] (mean)
Time per request:       0.031 [ms] (mean, across all concurrent requests)
Transfer rate:          26306.58 [Kbytes/sec] received

Connection Times (ms)
              min  mean[+/-sd] median   max
Connect:        0    0   0.2      0       1
Processing:     0    1   0.3      1       3
Waiting:        0    1   0.3      1       3
Total:          1    2   0.2      2       3

Percentage of the requests served within a certain time (ms)
  50%      2
  66%      2
  75%      2
  80%      2
  90%      2
  95%      2
  98%      2
  99%      3
 100%      3 (longest request)
